<?xml version="1.0" encoding="UTF-8"?>
<!-- Generated by org.testng.reporters.JUnitReportReporter -->
<testsuite hostname="PQTE-13-PC" name="testSuite.TestCommon" tests="1" failures="0" timestamp="19 Dec 2013 13:53:53 GMT" time="0.041" errors="0">
  <testcase name="InitTest" time="0.041" classname="testSuite.TestCommon"/>
</testsuite> <!-- testSuite.TestCommon -->
